Reminder/AlarmReminder-master/app/build/intermediates/manifest_merge_blame_file/debug/manifest-merger-blame-debug-report.txt
1<?xml version="1.0" encoding="utf-8"?>
2<manifest xmlns:android="http://schemas.android.com/apk/res/android"
3    package="com.delaroystudios.alarmreminder"
4    android:versionCode="1"
5    android:versionName="1.0" >
6
7    <uses-sdk
8        android:minSdkVersion="15"
8-->src\main\AndroidManifest.xml
9        android:targetSdkVersion="25" />
9-->src\main\AndroidManifest.xml
10
11    <uses-permission android:name="android.permission.RECEIVE_BOOT_COMPLETED" />
11-->src\main\AndroidManifest.xml:5:5-80
11-->src\main\AndroidManifest.xml:5:22-78
12    <uses-permission android:name="android.permission.INTERNET" />
12-->src\main\AndroidManifest.xml:6:5-66
12-->src\main\AndroidManifest.xml:6:22-64
13    <uses-permission android:name="android.permission.ACCESS_NETWORK_STATE" />
13-->src\main\AndroidManifest.xml:7:5-79
13-->src\main\AndroidManifest.xml:7:22-76
14
15    <meta-data
15-->[com.android.support:design:25.3.1] AndroidManifest.xml:25:5-27:34
16        android:name="android.support.VERSION"
16-->[com.android.support:design:25.3.1] AndroidManifest.xml:26:9-47
17        android:value="25.3.1" />
17-->[com.android.support:design:25.3.1] AndroidManifest.xml:27:9-31
18
19    <uses-permission android:name="android.permission.VIBRATE" />
19-->[com.wdullaer:materialdatetimepicker:1.2.1] AndroidManifest.xml:26:5-66
19-->[com.wdullaer:materialdatetimepicker:1.2.1] AndroidManifest.xml:26:22-63
20
21    <application
21-->src\main\AndroidManifest.xml:9:5-42:19
22        android:allowBackup="true"
22-->src\main\AndroidManifest.xml:10:9-35
23        android:debuggable="true"
24        android:icon="@mipmap/ic_launcher"
24-->src\main\AndroidManifest.xml:11:9-43
25        android:label="@string/app_name"
25-->src\main\AndroidManifest.xml:12:9-41
26        android:roundIcon="@mipmap/ic_launcher_round"
26-->src\main\AndroidManifest.xml:13:9-54
27        android:supportsRtl="true"
27-->src\main\AndroidManifest.xml:14:9-35
28        android:theme="@style/AppTheme" >
28-->src\main\AndroidManifest.xml:15:9-40
29        <activity android:name="com.delaroystudios.alarmreminder.MainActivity" >
29-->src\main\AndroidManifest.xml:16:9-22:20
29-->src\main\AndroidManifest.xml:16:19-47
30            <intent-filter>
30-->src\main\AndroidManifest.xml:17:13-21:29
31                <action android:name="android.intent.action.MAIN" />
31-->src\main\AndroidManifest.xml:18:17-69
31-->src\main\AndroidManifest.xml:18:25-66
32
33                <category android:name="android.intent.category.LAUNCHER" />
33-->src\main\AndroidManifest.xml:20:17-77
33-->src\main\AndroidManifest.xml:20:27-74
34            </intent-filter>
35        </activity>
36        <activity
36-->src\main\AndroidManifest.xml:23:9-32:20
37            android:name="com.delaroystudios.alarmreminder.AddReminderActivity"
37-->src\main\AndroidManifest.xml:23:19-54
38            android:label="@string/title_activity_add_reminder"
38-->src\main\AndroidManifest.xml:24:13-64
39            android:parentActivityName="com.delaroystudios.alarmreminder.MainActivity"
39-->src\main\AndroidManifest.xml:25:13-55
40            android:theme="@style/AppTheme" >
40-->src\main\AndroidManifest.xml:26:13-44
41
42            <!-- Parent activity meta-data to support 4.0 and lower -->
43            <meta-data
43-->src\main\AndroidManifest.xml:28:13-31:19
44                android:name="android.support.PARENT_ACTIVITY"
44-->src\main\AndroidManifest.xml:29:17-63
45                android:value=".MainActivity" />
45-->src\main\AndroidManifest.xml:30:17-46
46        </activity>
47
48        <provider
48-->src\main\AndroidManifest.xml:33:9-36:40
49            android:name="com.delaroystudios.alarmreminder.data.AlarmReminderProvider"
49-->src\main\AndroidManifest.xml:34:13-55
50            android:authorities="com.delaroystudios.alarmreminder"
50-->src\main\AndroidManifest.xml:35:13-67
51            android:exported="false" />
51-->src\main\AndroidManifest.xml:36:13-37
52
53        <service
53-->src\main\AndroidManifest.xml:38:9-40:40
54            android:name="com.delaroystudios.alarmreminder.reminder.ReminderAlarmService"
54-->src\main\AndroidManifest.xml:39:13-58
55            android:exported="false" />
55-->src\main\AndroidManifest.xml:40:13-37
56    </application>
57
58</manifest>